NAME                               ions CHART VERSION   APP VERSION             DESCRIPTION                                                                                     ─╯
mongodb/airflow                         0.4.3           1.10.4                  Airflow running on KubernetesExecutor
mongodb/airflow                         0.4.2           1.10.4                  Airflow running on KubernetesExecutor
mongodb/airflow                         0.4.1           1.10.4                  Airflow running on KubernetesExecutor
mongodb/airflow                         0.4.0           1.10.4                  Airflow running on KubernetesExecutor
mongodb/airflow                         0.3.3           1.10.4                  Airflow running on KubernetesExecutor
mongodb/airflow                         0.3.2           1.10.4                  Airflow running on KubernetesExecutor
mongodb/airflow                         0.3.1           1.10.4                  Airflow running on KubernetesExecutor
mongodb/airflow                         0.3.0           1.10.4                  Airflow running on KubernetesExecutor
mongodb/airflow                         0.2.4           1.10.4                  Airflow running on KubernetesExecutor
mongodb/airflow                         0.2.3           1.10.4                  Airflow running on KubernetesExecutor
mongodb/airflow                         0.2.2           1.10.4                  Airflow running on KubernetesExecutor
mongodb/airflow                         0.2.1           1.10.4                  Airflow running on KubernetesExecutor
mongodb/airflow                         0.2.0           1.10.4                  Airflow running on KubernetesExecutor
mongodb/airflow                         0.1.0           1.10.4                  Airflow running on KubernetesExecutor
mongodb/alertmanager                    0.2.0           0.15.1                  Alertmanager instance created by the CoreOS Pro...
mongodb/alertmanager                    0.1.4           0.14.0                  Alertmanager instance created by the CoreOS Pro...
mongodb/apache-airflow                  0.1.3           2.2.3                   MongoDB Helm chart to deploy Apache Airflow usi...
mongodb/apache-airflow                  0.1.2           2.2.3                   MongoDB Helm chart to deploy Apache Airflow usi...
mongodb/apache-airflow                  0.1.1           2.2.3                   MongoDB Helm chart to deploy Apache Airflow usi...
mongodb/apache-airflow                  0.1.0           2.2.3                   MongoDB Helm chart to deploy Apache Airflow usi...
mongodb/argo-eventbus                   0.2.0           2.10.10                 A Helm chart for managing Argo Events EventBus ...
mongodb/argo-eventbus                   0.1.3           2.10.10                 A Helm chart for managing Argo Events EventBus ...
mongodb/argo-eventbus                   0.1.2           2.9.16                  A Helm chart for managing Argo Events EventBus ...
mongodb/argo-eventbus                   0.1.1           2.9.16                  A Helm chart for managing Argo Events EventBus ...
mongodb/argo-eventbus                   0.1.0           2.9.16                  A Helm chart for managing Argo Events EventBus ...
mongodb/argo-eventsource                0.1.2           v1.9.2                  A Helm chart for managing argo-events EventSour...
mongodb/argo-eventsource                0.1.1           v1.9.2                  A Helm chart for managing argo-events EventSour...
mongodb/argo-eventsource                0.1.0           v1.8.0                  A Helm chart for managing argo-events EventSour...
mongodb/argo-workflow-catalog           0.4.2           argoproj.io/v1alpha1    A Helm chart for managing Argo WorkflowTemplate...
mongodb/argo-workflow-catalog           0.4.1           argoproj.io/v1alpha1    A Helm chart for managing Argo WorkflowTemplate...
mongodb/argo-workflow-catalog           0.3.2           argoproj.io/v1alpha1    A Helm chart for managing Argo WorkflowTemplate...
mongodb/argo-workflow-catalog           0.3.1           argoproj.io/v1alpha1    A Helm chart for managing Argo WorkflowTemplate...
mongodb/argo-workflow-catalog           0.3.0           argoproj.io/v1alpha1    A Helm chart for managing Argo WorkflowTemplate...
mongodb/argo-workflow-catalog           0.2.4           argoproj.io/v1alpha1    A Helm chart for managing Argo WorkflowTemplate...
mongodb/argo-workflow-catalog           0.2.3           argoproj.io/v1alpha1    A Helm chart for managing Argo WorkflowTemplate...
mongodb/argo-workflow-catalog           0.2.2           argoproj.io/v1alpha1    A Helm chart for managing Argo WorkflowTemplate...
mongodb/argo-workflow-catalog           0.2.1           argoproj.io/v1alpha1    A Helm chart for managing Argo WorkflowTemplate...
mongodb/argo-workflow-catalog           0.2.0           argoproj.io/v1alpha1    A Helm chart for managing Argo WorkflowTemplate...
mongodb/argo-workflow-catalog           0.1.1           argoproj.io/v1alpha1    A Helm chart for managing Argo WorkflowTemplate...
mongodb/argo-workflow-catalog           0.1.0           argoproj.io/v1alpha1    A Helm chart for managing Argo WorkflowTemplate...
mongodb/cert-manager-resources          0.1.1           1.0                     Provision cert-manager custom resources
mongodb/cert-manager-resources          0.1.0           1.0                     Provision cert-manager custom resources
mongodb/cluster-autoscaler              0.9.5           1.2.2                   Scales worker nodes within autoscaling groups.
mongodb/cluster-autoscaler              0.9.4           1.2.2                   Scales worker nodes within autoscaling groups.
mongodb/cluster-autoscaler              0.9.3           1.2.2                   Scales worker nodes within autoscaling groups.
mongodb/cluster-autoscaler              0.9.2           1.2.2                   Scales worker nodes within autoscaling groups.
mongodb/cluster-autoscaler              0.9.1           1.2.2                   Scales worker nodes within autoscaling groups.
mongodb/cluster-autoscaler              0.9.0           1.2.2                   Scales worker nodes within autoscaling groups.
mongodb/cluster-autoscaler              0.8.2           1.2.2                   Scales worker nodes within autoscaling groups.
mongodb/cluster-autoscaler              0.8.1           1.2.2                   Scales worker nodes within autoscaling groups.
mongodb/cluster-autoscaler              0.8.0           1.2.2                   Scales worker nodes within autoscaling groups.
mongodb/cluster-network-policies        0.1.5           1.0                     Cluster Network Policies
mongodb/cluster-network-policies        0.1.4           1.0                     Cluster Network Policies
mongodb/cluster-network-policies        0.1.3           1.0                     Cluster Network Policies
mongodb/cluster-network-policies        0.1.2           1.0                     Cluster Network Policies
mongodb/cluster-network-policies        0.1.1           1.0                     Cluster Network Policies
mongodb/cluster-network-policies        0.1.0           1.0                     Cluster Network Policies
mongodb/cronjobs                        1.21.2          1.0                     A Helm chart for creating Kubernetes CronJobs
mongodb/cronjobs                        1.21.1          1.0                     A Helm chart for creating Kubernetes CronJobs
mongodb/cronjobs                        1.21.0          1.0                     A Helm chart for creating Kubernetes CronJobs
mongodb/cronjobs                        1.20.2          1.0                     A Helm chart for creating Kubernetes CronJobs
mongodb/cronjobs                        1.20.1          1.0                     A Helm chart for creating Kubernetes CronJobs
mongodb/cronjobs                        1.20.0          1.0                     A Helm chart for creating Kubernetes CronJobs
mongodb/cronjobs                        1.19.3          1.0                     A Helm chart for creating Kubernetes CronJobs
mongodb/cronjobs                        1.19.2          1.0                     A Helm chart for creating Kubernetes CronJobs
mongodb/cronjobs                        1.19.1          1.0                     A Helm chart for creating Kubernetes CronJobs
mongodb/cronjobs                        1.19.0          1.0                     A Helm chart for creating Kubernetes CronJobs
mongodb/cronjobs                        1.18.0          1.0                     A Helm chart for creating Kubernetes CronJobs
mongodb/cronjobs                        1.17.1          1.0                     A Helm chart for creating Kubernetes CronJobs
mongodb/cronjobs                        1.17.0          1.0                     A Helm chart for creating Kubernetes CronJobs
mongodb/cronjobs                        1.16.0          1.0                     A Helm chart for creating Kubernetes CronJobs
mongodb/cronjobs                        1.15.1          1.0                     A Helm chart for creating Kubernetes CronJobs
mongodb/cronjobs                        1.15.0          1.0                     A Helm chart for creating Kubernetes CronJobs
mongodb/cronjobs                        1.14.0          1.0                     A Helm chart for creating Kubernetes CronJobs
mongodb/cronjobs                        1.13.1          1.0                     A Helm chart for creating Kubernetes CronJobs
mongodb/cronjobs                        1.13.0          1.0                     A Helm chart for creating Kubernetes CronJobs
mongodb/cronjobs                        1.12.0          1.0                     A Helm chart for creating Kubernetes CronJobs
mongodb/cronjobs                        1.11.1          1.0                     A Helm chart for creating Kubernetes CronJobs
mongodb/cronjobs                        1.11.0          1.0                     A Helm chart for creating Kubernetes CronJobs
mongodb/cronjobs                        1.10.0          1.0                     A Helm chart for creating Kubernetes CronJobs
mongodb/cronjobs                        1.9.2           1.0                     A Helm chart for creating Kubernetes CronJobs
mongodb/cronjobs                        1.9.1           1.0                     A Helm chart for creating Kubernetes CronJobs
mongodb/cronjobs                        1.9.0           1.0                     A Helm chart for creating Kubernetes CronJobs
mongodb/cronjobs                        1.8.2           1.0                     A Helm chart for creating Kubernetes CronJobs
mongodb/cronjobs                        1.8.1           1.0                     A Helm chart for creating Kubernetes CronJobs
mongodb/cronjobs                        1.8.0           1.0                     A Helm chart for creating Kubernetes CronJobs
mongodb/cronjobs                        1.7.2           1.0                     A Helm chart for creating Kubernetes CronJobs
mongodb/cronjobs                        1.7.1           1.0                     A Helm chart for creating Kubernetes CronJobs
mongodb/cronjobs                        1.7.0           1.0                     A Helm chart for creating Kubernetes CronJobs
mongodb/cronjobs                        1.6.8           1.0                     A Helm chart for creating Kubernetes CronJobs
mongodb/cronjobs                        1.6.7           1.0                     A Helm chart for creating Kubernetes CronJobs
mongodb/cronjobs                        1.6.6           1.0                     A Helm chart for creating Kubernetes CronJobs
mongodb/cronjobs                        1.6.5           1.0                     A Helm chart for creating Kubernetes CronJobs
mongodb/cronjobs                        1.6.4           1.0                     A Helm chart for creating Kubernetes CronJobs
mongodb/cronjobs                        1.6.3           1.0                     A Helm chart for creating Kubernetes CronJobs
mongodb/cronjobs                        1.6.2           1.0                     A Helm chart for creating Kubernetes CronJobs
mongodb/cronjobs                        1.6.1           1.0                     A Helm chart for creating Kubernetes CronJobs
mongodb/cronjobs                        1.6.0           1.0                     A Helm chart for creating Kubernetes CronJobs
mongodb/cronjobs                        1.5.2           1.0                     A Helm chart for creating Kubernetes CronJobs
mongodb/cronjobs                        1.5.1           1.0                     A Helm chart for creating Kubernetes CronJobs
mongodb/cronjobs                        1.5.0           1.0                     A Helm chart for creating Kubernetes CronJobs
mongodb/cronjobs                        1.4.6           1.0                     A Helm chart for creating Kubernetes CronJobs
mongodb/cronjobs                        1.4.5           1.0                     A Helm chart for creating Kubernetes CronJobs
mongodb/cronjobs                        1.4.4           1.0                     A Helm chart for creating Kubernetes CronJobs
mongodb/cronjobs                        1.4.2           1.0                     A Helm chart for creating Kubernetes CronJobs
mongodb/cronjobs                        1.4.1           1.0                     A Helm chart for creating Kubernetes CronJobs
mongodb/cronjobs                        1.4.0           1.0                     A Helm chart for creating Kubernetes CronJobs
mongodb/cronjobs                        1.3.2           1.0                     A Helm chart for creating Kubernetes CronJobs
mongodb/cronjobs                        1.3.1           1.0                     A Helm chart for creating Kubernetes CronJobs
mongodb/cronjobs                        1.3.0           1.0                     A Helm chart for creating Kubernetes CronJobs
mongodb/cronjobs                        1.2.1           1.0                     A Helm chart for creating Kubernetes CronJobs
mongodb/cronjobs                        1.2.0           1.0                     A Helm chart for creating Kubernetes CronJobs
mongodb/cronjobs                        1.1.0           1.0                     A Helm chart for creating Kubernetes CronJobs
mongodb/cronjobs                        1.0.0           1.0                     A Helm chart for creating Kubernetes CronJobs
mongodb/cronjobs                        0.1.0           1.0                     A Helm chart for creating Kubernetes CronJobs
mongodb/drone                           2.1.4           1.6                     Drone is a Continuous Delivery system built on ...
mongodb/drone                           2.1.3           1.6                     Drone is a Continuous Delivery system built on ...
mongodb/drone                           2.1.2           1.6                     Drone is a Continuous Delivery system built on ...
mongodb/drone                           2.1.1           1.6                     Drone is a Continuous Delivery system built on ...
mongodb/drone                           2.1.0           1.6                     Drone is a Continuous Delivery system built on ...
mongodb/drone                           2.0.2           1.6                     Drone is a Continuous Delivery system built on ...
mongodb/drone                           2.0.1           1.6                     Drone is a Continuous Delivery system built on ...
mongodb/drone                           2.0.0           1.6                     Drone is a Continuous Delivery system built on ...
mongodb/drone                           1.8.1           0.8.6                   Drone is a Continuous Delivery system built on ...
mongodb/drone                           1.8.0           0.8.6                   Drone is a Continuous Delivery system built on ...
mongodb/drone                           1.7.3           0.8.6                   Drone is a Continuous Delivery system built on ...
mongodb/drone                           0.3.2           0.8.2                   Drone is a Continuous Delivery system built on ...
mongodb/drone                           0.3.1           0.8.2                   Drone is a Continuous Delivery system built on ...
mongodb/drone                           0.3.0           0.8.2                   Drone is a Continuous Delivery system built on ...
mongodb/dw-python36                     0.1.0           1.0                     Chart for an alpine container
mongodb/exporter-kube-state             0.3.2                                   A Helm chart singleton for kube-state-metrics
mongodb/exporter-kube-state             0.3.1                                   A Helm chart singleton for kube-state-metrics
mongodb/exporter-kube-state             0.3.0                                   A Helm chart singleton for kube-state-metrics
mongodb/exporter-node                   0.4.7           0.14.0                  A Helm chart for Kubernetes node exporter
mongodb/gogs                            0.9.0           0.11.86                 Gogs: Go Git Service
mongodb/gogs                            0.8.0           0.11.86                 Gogs: Go Git Service
mongodb/grafana                         1.16.1          5.3.4                   The leading tool for querying and visualizing t...
mongodb/grafana                         1.16.0          5.3.4                   The leading tool for querying and visualizing t...
mongodb/grafana                         1.15.3          5.2.4                   The leading tool for querying and visualizing t...
mongodb/grafana                         1.15.2          5.2.4                   The leading tool for querying and visualizing t...
mongodb/grafana                         1.15.1          5.2.4                   The leading tool for querying and visualizing t...
mongodb/grafana                         1.15.0          5.2.4                   The leading tool for querying and visualizing t...
mongodb/grafana                         1.12.0          5.1.3                   The leading tool for querying and visualizing t...
mongodb/grafana                         1.11.0          5.1.2                   The leading tool for querying and visualizing t...
mongodb/grafana-dashboards              0.4.0                                   A Helm chart for generating Grafana dashboards ...
mongodb/grafana-dashboards              0.3.2                                   A Helm chart for generating Grafana dashboards ...
mongodb/grafana-dashboards              0.3.1                                   A Helm chart for generating Grafana dashboards ...
mongodb/grafana-dashboards              0.3.0                                   A Helm chart for generating Grafana dashboards ...
mongodb/grafana-dashboards              0.2.2                                   A Helm chart for generating Grafana dashboards ...
mongodb/grafana-dashboards              0.2.1                                   A Helm chart for generating Grafana dashboards ...
mongodb/grafana-dashboards              0.2.0                                   A Helm chart for generating Grafana dashboards ...
mongodb/grafana-dashboards              0.1.0                                   A Helm chart for generating Grafana dashboards ...
mongodb/jaeger-operator                 3.0.0           1.17.0                  jaeger-operator Helm chart for Kubernetes
mongodb/jaeger-operator                 2.15.0          1.17.0                  jaeger-operator Helm chart for Kubernetes
mongodb/jaeger-operator                 2.14.1          1.17.0                  jaeger-operator Helm chart for Kubernetes
mongodb/k8s-app                         v0.1.0                                  A Helm chart for deploying Kubernetes apps
mongodb/kube-prometheus                 0.3.5                                   Manifests, dashboards, and alerting rules for e...
mongodb/kube-prometheus                 0.3.4                                   Manifests, dashboards, and alerting rules for e...
mongodb/kube-prometheus                 0.3.3                                   Manifests, dashboards, and alerting rules for e...
mongodb/kube-prometheus                 0.3.2                                   Manifests, dashboards, and alerting rules for e...
mongodb/kube-prometheus                 0.3.1                                   Manifests, dashboards, and alerting rules for e...
mongodb/kube-prometheus                 0.3.0                                   Manifests, dashboards, and alerting rules for e...
mongodb/kube-prometheus                 0.2.2                                   Manifests, dashboards, and alerting rules for e...
mongodb/kube-prometheus                 0.2.1                                   Manifests, dashboards, and alerting rules for e...
mongodb/kube-prometheus                 0.2.0                                   Manifests, dashboards, and alerting rules for e...
mongodb/kube-prometheus                 0.1.1                                   Manifests, dashboards, and alerting rules for e...
mongodb/kube-prometheus                 0.1.0                                   Manifests, dashboards, and alerting rules for e...
mongodb/kube-resource-report            0.2.2           19.9.0                  Report Kubernetes cluster and pod resource requ...
mongodb/mongodb-enterprise-operator     1.5.1                                   MongoDB Kubernetes Enterprise Operator
mongodb/mongodb-enterprise-operator     1.4.0                                   MongoDB Kubernetes Enterprise Operator
mongodb/mongodb-enterprise-operator     1.3.1                                   MongoDB Kubernetes Enterprise Operator
mongodb/mongodb-enterprise-operator     1.2.1                                   MongoDB Kubernetes Enterprise Operator
mongodb/mongodb-enterprise-operator     0.11                                    MongoDB Kubernetes Enterprise Operator
mongodb/ns-resources                    0.4.0           1.0                     A Helm chart for managing various namespace res...
mongodb/ns-resources                    0.3.2           1.0                     A Helm chart for managing various namespace res...
mongodb/ns-resources                    0.3.1           1.0                     A Helm chart for managing various namespace res...
mongodb/ns-resources                    0.3.0           1.0                     A Helm chart for managing various namespace res...
mongodb/ns-resources                    0.2.0           1.0                     A Helm chart for managing various namespace res...
mongodb/ns-resources                    0.1.2           1.0                     A Helm chart for managing various namespace res...
mongodb/ns-resources                    0.1.1           1.0                     A Helm chart for managing various namespace res...
mongodb/ns-resources                    0.1.0           1.0                     A Helm chart for managing various namespace res...
mongodb/okta-ldap-agent                 0.1.0           05.04.06                A Helm chart for the Okta LDAP agent
mongodb/opa                             4.2.0           0.50.0                  Open source, general-purpose policy engine. Enf...
mongodb/opa                             4.1.1           0.50.0                  Open source, general-purpose policy engine. Enf...
mongodb/opa                             4.1.0           0.50.0                  Open source, general-purpose policy engine. Enf...
mongodb/opa                             4.0.0           0.50.0                  Open source, general-purpose policy engine. Enf...
mongodb/opa                             3.0.0           0.37.0                  Open source, general-purpose policy engine. Enf...
mongodb/opa                             2.3.0           0.10.7                  Open source, general-purpose policy engine. Enf...
mongodb/opa                             2.2.0           0.10.7                  Open source, general-purpose policy engine. Enf...
mongodb/opa                             2.1.3           0.10.7                  Open source, general-purpose policy engine. Enf...
mongodb/opa                             2.1.2           0.10.7                  Open source, general-purpose policy engine. Enf...
mongodb/opa                             2.1.1           0.10.7                  Open source, general-purpose policy engine. Enf...
mongodb/opa                             2.1.0           0.10.7                  Open source, general-purpose policy engine. Enf...
mongodb/opa                             2.0.3           0.10.7                  Open source, general-purpose policy engine. Enf...
mongodb/opa                             2.0.2           0.10.7                  Open source, general-purpose policy engine. Enf...
mongodb/opa                             2.0.1           0.10.7                  Open source, general-purpose policy engine. Enf...
mongodb/opa                             2.0.0           0.10.7                  Open source, general-purpose policy engine. Enf...
mongodb/prometheus                      0.1.2                                   Prometheus instance created by the CoreOS Prome...
mongodb/prometheus                      0.1.1                                   Prometheus instance created by the CoreOS Prome...
mongodb/prometheus                      0.1.0                                   Prometheus instance created by the CoreOS Prome...
mongodb/prometheus                      0.0.52                                  Prometheus instance created by the CoreOS Prome...
mongodb/spark-operator                  1.0.0           v1beta2-1.2.0-3.0.0     A Helm chart for Spark on Kubernetes operator
mongodb/splunk-kubernetes-logging       1.6.1                                   Collect logs with Splunk.
mongodb/splunk-kubernetes-logging       1.6.0                                   Collect logs with Splunk.
mongodb/splunk-kubernetes-logging       1.5.4                                   Collect logs with Splunk.
mongodb/splunk-kubernetes-logging       1.5.3                                   Collect logs with Splunk.
mongodb/splunk-kubernetes-logging       1.5.2                                   Collect logs with Splunk.
mongodb/splunk-kubernetes-logging       1.5.1                                   Collect logs with Splunk.
mongodb/splunk-kubernetes-logging       1.5.0                                   Collect logs with Splunk.
mongodb/splunk-kubernetes-logging       1.4.3                                   Collect logs with Splunk.
mongodb/splunk-kubernetes-logging       1.4.2                                   Collect logs with Splunk.
mongodb/splunk-kubernetes-logging       1.4.0                                   Collect logs with Splunk.
mongodb/splunk-kubernetes-logging       1.3.0                                   Collect logs with Splunk.
mongodb/splunk-kubernetes-logging       1.2.0                                   Collect logs with Splunk.
mongodb/traefik                         1.57.3          v1.7.34-0.1.1           A Traefik based Kubernetes ingress controller w...
mongodb/traefik                         1.57.2          v1.7.34-0.1.1           A Traefik based Kubernetes ingress controller w...
mongodb/traefik                         1.57.1          v1.7.34-0.1.1           A Traefik based Kubernetes ingress controller w...
mongodb/traefik                         1.57.0          v1.7.34-0.1.1           A Traefik based Kubernetes ingress controller w...
mongodb/traefik                         1.56.2          v1.7.34-0.1.1           A Traefik based Kubernetes ingress controller w...
mongodb/traefik                         1.56.1          v1.7.34-0.1.1           A Traefik based Kubernetes ingress controller w...
mongodb/traefik                         1.56.0          1.7.34-0.1.0            A Traefik based Kubernetes ingress controller w...
mongodb/traefik                         1.55.1          1.7.4                   A Traefik based Kubernetes ingress controller w...
mongodb/traefik                         1.55.0          1.7.4                   A Traefik based Kubernetes ingress controller w...
mongodb/traefik                         1.54.4          1.7.4                   A Traefik based Kubernetes ingress controller w...
mongodb/traefik                         1.54.3          1.7.4                   A Traefik based Kubernetes ingress controller w...
mongodb/traefik                         1.54.2          1.7.4                   A Traefik based Kubernetes ingress controller w...
mongodb/traefik                         1.54.1          1.7.4                   A Traefik based Kubernetes ingress controller w...
mongodb/traefik                         1.54.0          1.7.4                   A Traefik based Kubernetes ingress controller w...
mongodb/traefik                         1.53.6          1.7.4                   A Traefik based Kubernetes ingress controller w...
mongodb/traefik                         1.53.5          1.7.4                   A Traefik based Kubernetes ingress controller w...
mongodb/traefik                         1.53.4          1.7.4                   A Traefik based Kubernetes ingress controller w...
mongodb/traefik                         1.53.3          1.7.4                   A Traefik based Kubernetes ingress controller w...
mongodb/traefik                         1.53.2          1.7.4                   A Traefik based Kubernetes ingress controller w...
mongodb/traefik                         1.53.1          1.7.4                   A Traefik based Kubernetes ingress controller w...
mongodb/traefik                         1.53.0          1.7.4                   A Traefik based Kubernetes ingress controller w...
mongodb/traefik                         1.52.8          1.7.4                   A Traefik based Kubernetes ingress controller w...
mongodb/traefik                         1.52.7          1.7.4                   A Traefik based Kubernetes ingress controller w...
mongodb/traefik                         1.34.0          1.6.2                   A Traefik based Kubernetes ingress controller w...
mongodb/traefik                         1.28.3          1.5.4                   A Traefik based Kubernetes ingress controller w...
mongodb/traefik                         1.28.2          1.5.4                   A Traefik based Kubernetes ingress controller w...
mongodb/traefik                         1.28.1          1.5.4                   A Traefik based Kubernetes ingress controller w...
mongodb/traefik                         1.27.1          1.5.4                   A Traefik based Kubernetes ingress controller w...
mongodb/web-app                         4.34.1          1.1                     A Helm chart for deploying Kubernetes Twelve-Fa...
mongodb/web-app                         4.34.0          1.1                     A Helm chart for deploying Kubernetes Twelve-Fa...
mongodb/web-app                         4.33.0          1.1                     A Helm chart for deploying Kubernetes Twelve-Fa...
mongodb/web-app                         4.32.0          1.1                     A Helm chart for deploying Kubernetes Twelve-Fa...
mongodb/web-app                         4.31.2          1.1                     A Helm chart for deploying Kubernetes Twelve-Fa...
mongodb/web-app                         4.31.1          1.1                     A Helm chart for deploying Kubernetes Twelve-Fa...
mongodb/web-app                         4.31.0          1.1                     A Helm chart for deploying Kubernetes Twelve-Fa...
mongodb/web-app                         4.30.0          1.1                     A Helm chart for deploying Kubernetes Twelve-Fa...
mongodb/web-app                         4.29.0          1.1                     A Helm chart for deploying Kubernetes Twelve-Fa...
mongodb/web-app                         4.28.1          1.1                     A Helm chart for deploying Kubernetes Twelve-Fa...
mongodb/web-app                         4.28.0          1.1                     A Helm chart for deploying Kubernetes Twelve-Fa...
mongodb/web-app                         4.27.1          1.1                     A Helm chart for deploying Kubernetes Twelve-Fa...
mongodb/web-app                         4.27.0          1.1                     A Helm chart for deploying Kubernetes Twelve-Fa...
mongodb/web-app                         4.26.1          1.1                     A Helm chart for deploying Kubernetes Twelve-Fa...
mongodb/web-app                         4.26.0          1.1                     A Helm chart for deploying Kubernetes Twelve-Fa...
mongodb/web-app                         4.25.1          1.1                     A Helm chart for deploying Kubernetes Twelve-Fa...
mongodb/web-app                         4.25.0          1.1                     A Helm chart for deploying Kubernetes Twelve-Fa...
mongodb/web-app                         4.24.3          1.1                     A Helm chart for deploying Kubernetes Twelve-Fa...
mongodb/web-app                         4.24.2          1.1                     A Helm chart for deploying Kubernetes Twelve-Fa...
mongodb/web-app                         4.24.1          1.1                     A Helm chart for deploying Kubernetes Twelve-Fa...
mongodb/web-app                         4.24.0          1.1                     A Helm chart for deploying Kubernetes Twelve-Fa...
mongodb/web-app                         4.23.1          1.1                     A Helm chart for deploying Kubernetes Twelve-Fa...
mongodb/web-app                         4.23.0          1.1                     A Helm chart for deploying Kubernetes Twelve-Fa...
mongodb/web-app                         4.22.1          1.1                     A Helm chart for deploying Kubernetes Twelve-Fa...
mongodb/web-app                         4.22.0          1.1                     A Helm chart for deploying Kubernetes Twelve-Fa...
mongodb/web-app                         4.21.0          1.1                     A Helm chart for deploying Kubernetes Twelve-Fa...
mongodb/web-app                         4.20.0          1.1                     A Helm chart for deploying Kubernetes Twelve-Fa...
mongodb/web-app                         4.19.1          1.1                     A Helm chart for deploying Kubernetes Twelve-Fa...
mongodb/web-app                         4.19.0          1.1                     A Helm chart for deploying Kubernetes Twelve-Fa...
mongodb/web-app                         4.18.0          1.1                     A Helm chart for deploying Kubernetes Twelve-Fa...
mongodb/web-app                         4.17.3          1.1                     A Helm chart for deploying Kubernetes Twelve-Fa...
mongodb/web-app                         4.17.2          1.1                     A Helm chart for deploying Kubernetes Twelve-Fa...
mongodb/web-app                         4.17.1          1.1                     A Helm chart for deploying Kubernetes Twelve-Fa...
mongodb/web-app                         4.17.0          1.1                     A Helm chart for deploying Kubernetes Twelve-Fa...
mongodb/web-app                         4.16.3          1.1                     A Helm chart for deploying Kubernetes Twelve-Fa...
mongodb/web-app                         4.16.2          1.1                     A Helm chart for deploying Kubernetes Twelve-Fa...
mongodb/web-app                         4.16.1          1.1                     A Helm chart for deploying Kubernetes Twelve-Fa...
mongodb/web-app                         4.16.0          1.1                     A Helm chart for deploying Kubernetes Twelve-Fa...
mongodb/web-app                         4.15.11         1.1                     A Helm chart for deploying Kubernetes Twelve-Fa...
mongodb/web-app                         4.15.10         1.1                     A Helm chart for deploying Kubernetes Twelve-Fa...
mongodb/web-app                         4.15.9          1.1                     A Helm chart for deploying Kubernetes Twelve-Fa...
mongodb/web-app                         4.15.8          1.1                     A Helm chart for deploying Kubernetes Twelve-Fa...
mongodb/web-app                         4.15.7          1.1                     A Helm chart for deploying Kubernetes Twelve-Fa...
mongodb/web-app                         4.15.6          1.1                     A Helm chart for deploying Kubernetes Twelve-Fa...
mongodb/web-app                         4.15.5          1.1                     A Helm chart for deploying Kubernetes Twelve-Fa...
mongodb/web-app                         4.15.4          1.1                     A Helm chart for deploying Kubernetes Twelve-Fa...
mongodb/web-app                         4.15.3          1.1                     A Helm chart for deploying Kubernetes Twelve-Fa...
mongodb/web-app                         4.15.2          1.1                     A Helm chart for deploying Kubernetes Twelve-Fa...
mongodb/web-app                         4.15.1          1.1                     A Helm chart for deploying Kubernetes Twelve-Fa...
mongodb/web-app                         4.15.0          1.1                     A Helm chart for deploying Kubernetes Twelve-Fa...
mongodb/web-app                         4.14.1          1.1                     A Helm chart for deploying Kubernetes Twelve-Fa...
mongodb/web-app                         4.14.0          1.1                     A Helm chart for deploying Kubernetes Twelve-Fa...
mongodb/web-app                         4.13.1          1.1                     A Helm chart for deploying Kubernetes Twelve-Fa...
mongodb/web-app                         4.13.0          1.1                     A Helm chart for deploying Kubernetes Twelve-Fa...
mongodb/web-app                         4.12.3          1.1                     A Helm chart for deploying Kubernetes Twelve-Fa...
mongodb/web-app                         4.12.2          1.1                     A Helm chart for deploying Kubernetes Twelve-Fa...
mongodb/web-app                         4.12.1          1.1                     A Helm chart for deploying Kubernetes Twelve-Fa...
mongodb/web-app                         4.12.0          1.1                     A Helm chart for deploying Kubernetes Twelve-Fa...
mongodb/web-app                         4.11.10         1.1                     A Helm chart for deploying Kubernetes Twelve-Fa...
mongodb/web-app                         4.11.8          1.1                     A Helm chart for deploying Kubernetes Twelve-Fa...
mongodb/web-app                         4.11.7          1.1                     A Helm chart for deploying Kubernetes Twelve-Fa...
mongodb/web-app                         4.11.6          1.1                     A Helm chart for deploying Kubernetes Twelve-Fa...
mongodb/web-app                         4.11.5          1.1                     A Helm chart for deploying Kubernetes Twelve-Fa...
mongodb/web-app                         4.11.4          1.1                     A Helm chart for deploying Kubernetes Twelve-Fa...
mongodb/web-app                         4.11.3          1.1                     A Helm chart for deploying Kubernetes Twelve-Fa...
mongodb/web-app                         4.11.2          1.1                     A Helm chart for deploying Kubernetes Twelve-Fa...
mongodb/web-app                         4.11.1          1.1                     A Helm chart for deploying Kubernetes Twelve-Fa...
mongodb/web-app                         4.11.0          1.1                     A Helm chart for deploying Kubernetes Twelve-Fa...
mongodb/web-app                         4.10.3          1.1                     A Helm chart for deploying Kubernetes Twelve-Fa...
mongodb/web-app                         4.10.2          1.1                     A Helm chart for deploying Kubernetes Twelve-Fa...
mongodb/web-app                         4.10.1          1.1                     A Helm chart for deploying Kubernetes Twelve-Fa...
mongodb/web-app                         4.10.0          1.1                     A Helm chart for deploying Kubernetes Twelve-Fa...
mongodb/web-app                         4.9.1           1.1                     A Helm chart for deploying Kubernetes Twelve-Fa...
mongodb/web-app                         4.9.0           1.1                     A Helm chart for deploying Kubernetes Twelve-Fa...
mongodb/web-app                         4.8.1           1.1                     A Helm chart for deploying Kubernetes Twelve-Fa...
mongodb/web-app                         4.8.0           1.1                     A Helm chart for deploying Kubernetes Twelve-Fa...
mongodb/web-app                         4.7.6           1.1                     A Helm chart for deploying Kubernetes Twelve-Fa...
mongodb/web-app                         4.7.5           1.1                     A Helm chart for deploying Kubernetes Twelve-Fa...
mongodb/web-app                         4.7.4           1.1                     A Helm chart for deploying Kubernetes Twelve-Fa...
mongodb/web-app                         4.7.3           1.1                     A Helm chart for deploying Kubernetes Twelve-Fa...
mongodb/web-app                         4.7.2           1.1                     A Helm chart for deploying Kubernetes Twelve-Fa...
mongodb/web-app                         4.7.1           1.1                     A Helm chart for deploying Kubernetes Twelve-Fa...
mongodb/web-app                         4.7.0           1.1                     A Helm chart for deploying Kubernetes Twelve-Fa...
mongodb/web-app                         4.6.3           1.1                     A Helm chart for deploying Kubernetes Twelve-Fa...
mongodb/web-app                         4.6.2           1.1                     A Helm chart for deploying Kubernetes Twelve-Fa...
mongodb/web-app                         4.6.1           1.1                     A Helm chart for deploying Kubernetes Twelve-Fa...
mongodb/web-app                         4.6.0           1.1                     A Helm chart for deploying Kubernetes Twelve-Fa...
mongodb/web-app                         4.5.1           1.1                     A Helm chart for deploying Kubernetes Twelve-Fa...
mongodb/web-app                         4.5.0           1.1                     A Helm chart for deploying Kubernetes Twelve-Fa...
mongodb/web-app                         4.4.1           1.1                     A Helm chart for deploying Kubernetes Twelve-Fa...
mongodb/web-app                         4.4.0           1.1                     A Helm chart for deploying Kubernetes Twelve-Fa...
mongodb/web-app                         4.3.5           1.1                     A Helm chart for deploying Kubernetes Twelve-Fa...
mongodb/web-app                         4.3.4           1.1                     A Helm chart for deploying Kubernetes Twelve-Fa...
mongodb/web-app                         4.3.3           1.1                     A Helm chart for deploying Kubernetes Twelve-Fa...
mongodb/web-app                         4.3.1           1.1                     A Helm chart for deploying Kubernetes Twelve-Fa...
mongodb/web-app                         4.3.0           1.1                     A Helm chart for deploying Kubernetes Twelve-Fa...
mongodb/web-app                         4.1.1           1.1                     A Helm chart for deploying Kubernetes Twelve-Fa...
mongodb/web-app                         4.1.0           1.1                     A Helm chart for deploying Kubernetes Twelve-Fa...
mongodb/web-app                         4.0.0           1.1                     A Helm chart for deploying Kubernetes Twelve-Fa...
mongodb/web-app                         3.1.1           1.1                     A Helm chart for deploying Kubernetes Twelve-Fa...
mongodb/web-app                         3.1.0           1.1                     A Helm chart for deploying Kubernetes Twelve-Fa...
mongodb/web-app                         3.0.0           1.1                     A Helm chart for deploying Kubernetes Twelve-Fa...
mongodb/web-app                         2.0.1           1.1                     A Helm chart for deploying Kubernetes Twelve-Fa...
mongodb/web-app                         2.0.0           1.1                     A Helm chart for deploying Kubernetes Twelve-Fa...
mongodb/web-app                         1.2.0           1.1                     A Helm chart for deploying Kubernetes Twelve-Fa...
mongodb/web-app                         1.1.4           1.1                     A Helm chart for deploying Kubernetes Twelve-Fa...
mongodb/web-app                         1.1.3           1.1                     A Helm chart for deploying Kubernetes Twelve-Fa...
mongodb/web-app                         1.1.2           1.1                     A Helm chart for deploying Kubernetes Twelve-Fa...
mongodb/web-app                         1.1.1           1.1                     A Helm chart for deploying Kubernetes Twelve-Fa...
mongodb/web-app                         1.1.0           1.1                     A Helm chart for deploying Kubernetes Twelve-Fa...
mongodb/web-app                         1.0.3           1.0                     A Helm chart for deploying Kubernetes Twelve-Fa...
mongodb/web-app                         1.0.2           1.0                     A Helm chart for deploying Kubernetes Twelve-Fa...
mongodb/web-app                         1.0.1           1.0                     A Helm chart for deploying Kubernetes Twelve-Fa...
mongodb/web-app                         1.0.0           1.0                     A Helm chart for deploying Kubernetes Twelve-Fa...